<?xml version="1.0" encoding="UTF-8"?>
<testsuite xmlns:xsi="http://www.w3.org/2001/XMLSchema-instance" xsi:noNamespaceSchemaLocation="https://maven.apache.org/surefire/maven-surefire-plugin/xsd/surefire-test-report.xsd" name="BookingTests" time="21.021" tests="3" errors="0" skipped="0" failures="0">
  <properties>
[...]
</properties>
  <testcase name="getAllBookingsByUserFirstName_BookingExists_returnOk" classname="BookingTests" time="11.111"/>
  <testcase name="getAllBookingsById_returnOk" classname="BookingTests" time="2.115"/>
  <testcase name="CreateBooking_WithValidData_returnOk" classname="BookingTests" time="4.381"/>
</testsuite>